<?xml version="1.0" encoding="UTF-8"?><testsuite errors="0" failures="1" name="Academy Choucair" skipped="0" tests="1" time="34.27" timestamp="2021-12-22 10:12:18"><testcase name="Search for a automation course"><failure message="Expected enabled element was not enabled" type="net.thucydides.core.webdriver.exceptions.ElementShouldBeEnabledException">Expected enabled element was not enabled</failure><system-err>Expected enabled element was not enabled&#13;
co.com.choucair.certification.academy.tasks.Search.performAs(Search.java:23)&#13;
co.com.choucair.certification.academy.stepdefinitions.ChoucairAcademyStepDefinitions.heSearchForTheCourseRecursosAutomatizacionBancolombiaOnTheChoucairAcademyPlatform(ChoucairAcademyStepDefinitions.java:31)&#13;
cucumber.runner.Runner.runPickle(Runner.java:80)&#13;
</system-err></testcase></testsuite>